

Started GET "/static_page/home" for 127.0.0.1 at 2015-12-31 12:06:11 +0530

ActionController::RoutingError (No route matches [GET] "/static_page/home"):
  web-console (2.0.0.beta3) lib/action_dispatch/debug_exceptions.rb:22:in `middleware_call'
  web-console (2.0.0.beta3) lib/action_dispatch/debug_exceptions.rb:13:in `call'
  actionpack (4.2.5) lib/action_dispatch/middleware/show_exceptions.rb:30:in `call'
  railties (4.2.5) lib/rails/rack/logger.rb:38:in `call_app'
  railties (4.2.5) lib/rails/rack/logger.rb:20:in `block in call'
  activesupport (4.2.5) lib/active_support/tagged_logging.rb:68:in `block in tagged'
  activesupport (4.2.5) lib/active_support/tagged_logging.rb:26:in `tagged'
  activesupport (4.2.5) lib/active_support/tagged_logging.rb:68:in `tagged'
  railties (4.2.5) lib/rails/rack/logger.rb:20:in `call'
  actionpack (4.2.5) lib/action_dispatch/middleware/request_id.rb:21:in `call'
  rack (1.6.4) lib/rack/methodoverride.rb:22:in `call'
  rack (1.6.4) lib/rack/runtime.rb:18:in `call'
  activesupport (4.2.5) lib/active_support/cache/strategy/local_cache_middleware.rb:28:in `call'
  rack (1.6.4) lib/rack/lock.rb:17:in `call'
  actionpack (4.2.5) lib/action_dispatch/middleware/static.rb:116:in `call'
  rack (1.6.4) lib/rack/sendfile.rb:113:in `call'
  railties (4.2.5) lib/rails/engine.rb:518:in `call'
  railties (4.2.5) lib/rails/application.rb:165:in `call'
  rack (1.6.4) lib/rack/lock.rb:17:in `call'
  rack (1.6.4) lib/rack/content_length.rb:15:in `call'
  rack (1.6.4) lib/rack/handler/webrick.rb:88:in `service'
  /home/hardik/.rvm/rubies/ruby-2.2.1/lib/ruby/2.2.0/webrick/httpserver.rb:138:in `service'
  /home/hardik/.rvm/rubies/ruby-2.2.1/lib/ruby/2.2.0/webrick/httpserver.rb:94:in `run'
  /home/hardik/.rvm/rubies/ruby-2.2.1/lib/ruby/2.2.0/webrick/server.rb:294:in `block in start_thread'


  Rendered /home/hardik/.rvm/gems/ruby-2.2.1/gems/web-console-2.0.0.beta3/lib/action_dispatch/templates/rescues/_trace.html.erb (2.5ms)
  Rendered /home/hardik/.rvm/gems/ruby-2.2.1/gems/web-console-2.0.0.beta3/lib/action_dispatch/templates/rescues/routing_error.html.erb within rescues/layout (79.3ms)


Started GET "/static_pages/home" for 127.0.0.1 at 2015-12-31 12:06:26 +0530
Processing by StaticPagesController#home as HTML
  Rendered static_pages/home.html.erb within layouts/application (0.4ms)
Completed 200 OK in 15039ms (Views: 14821.0ms | ActiveRecord: 0.0ms)


Started GET "/assets/static_pages.self-877aef30ae1b040ab8a3aba4e3e309a11d7f2612f44dde450b5c157aa5f95c05.js?body=1" for 127.0.0.1 at 2015-12-31 12:06:55 +0530


Started GET "/assets/static_pages.self-e3b0c44298fc1c149afbf4c8996fb92427ae41e4649b934ca495991b7852b855.css?body=1" for 127.0.0.1 at 2015-12-31 12:06:57 +0530


Started GET "/static_pages/home" for 127.0.0.1 at 2015-12-31 12:14:19 +0530
Processing by StaticPagesController#home as HTML
  Rendered static_pages/home.html.erb within layouts/application (22.9ms)
Completed 200 OK in 235ms (Views: 201.3ms | ActiveRecord: 0.0ms)


Started GET "/static_pages/help" for 127.0.0.1 at 2015-12-31 12:14:58 +0530
Processing by StaticPagesController#help as HTML
  Rendered static_pages/help.html.erb within layouts/application (0.4ms)
Completed 200 OK in 26ms (Views: 25.3ms | ActiveRecord: 0.0ms)


Started GET "/static_pages/help" for 127.0.0.1 at 2015-12-31 12:45:15 +0530
Processing by StaticPagesController#help as HTML
  Rendered static_pages/help.html.erb (1.3ms)
Completed 200 OK in 87ms (Views: 28.1ms | ActiveRecord: 0.0ms)


Started GET "/static_pages/help" for 127.0.0.1 at 2015-12-31 12:48:38 +0530
Processing by StaticPagesController#help as HTML
  Rendered static_pages/help.html.erb (1.3ms)
Completed 200 OK in 61ms (Views: 13.2ms | ActiveRecord: 0.0ms)


Started GET "/static_pages/about" for 127.0.0.1 at 2015-12-31 12:48:43 +0530
Processing by StaticPagesController#about as HTML
  Rendered static_pages/about.html.erb (0.4ms)
Completed 200 OK in 5ms (Views: 4.1ms | ActiveRecord: 0.0ms)


Started GET "/static_pages/home" for 127.0.0.1 at 2015-12-31 12:48:49 +0530
Processing by StaticPagesController#home as HTML
  Rendered static_pages/home.html.erb (0.3ms)
Completed 200 OK in 5ms (Views: 3.8ms | ActiveRecord: 0.0ms)


Started GET "/static_pages/home" for 127.0.0.1 at 2015-12-31 13:19:47 +0530
Processing by StaticPagesController#home as HTML
  Rendered static_pages/home.html.erb within layouts/application (1.5ms)
Completed 200 OK in 468ms (Views: 411.1ms | ActiveRecord: 0.0ms)


Started GET "/assets/static_pages.self-e3b0c44298fc1c149afbf4c8996fb92427ae41e4649b934ca495991b7852b855.css?body=1" for 127.0.0.1 at 2015-12-31 13:19:48 +0530


Started GET "/assets/application.self-3b8dabdc891efe46b9a144b400ad69e37d7e5876bdc39dee783419a69d7ca819.js?body=1" for 127.0.0.1 at 2015-12-31 13:19:48 +0530


Started GET "/assets/jquery_ujs.self-d456baa54c1fa6be2ec3711f0a72ddf7a5b2f34a6b4f515f33767d6207b7d4b3.js?body=1" for 127.0.0.1 at 2015-12-31 13:19:48 +0530


Started GET "/assets/static_pages.self-877aef30ae1b040ab8a3aba4e3e309a11d7f2612f44dde450b5c157aa5f95c05.js?body=1" for 127.0.0.1 at 2015-12-31 13:19:48 +0530


Started GET "/assets/jquery.self-a714331225dda820228db323939889f149aec0127aeb06255646b616ba1ca419.js?body=1" for 127.0.0.1 at 2015-12-31 13:19:48 +0530


Started GET "/assets/application.self-e80e8f2318043e8af94dddc2adad5a4f09739a8ebb323b3ab31cd71d45fd9113.css?body=1" for 127.0.0.1 at 2015-12-31 13:19:48 +0530


Started GET "/assets/turbolinks.self-c37727e9bd6b2735da5c311aa83fead54ed0be6cc8bd9a65309e9c5abe2cbfff.js?body=1" for 127.0.0.1 at 2015-12-31 13:19:48 +0530


Started GET "/static_pages/home" for 127.0.0.1 at 2015-12-31 13:21:11 +0530
Processing by StaticPagesController#home as HTML
  Rendered static_pages/home.html.erb within layouts/application (0.1ms)
Completed 200 OK in 24ms (Views: 22.4ms | ActiveRecord: 0.0ms)


Started GET "/assets/static_pages.self-e3b0c44298fc1c149afbf4c8996fb92427ae41e4649b934ca495991b7852b855.css?body=1" for 127.0.0.1 at 2015-12-31 13:21:11 +0530


Started GET "/assets/application.self-e80e8f2318043e8af94dddc2adad5a4f09739a8ebb323b3ab31cd71d45fd9113.css?body=1" for 127.0.0.1 at 2015-12-31 13:21:11 +0530


Started GET "/assets/jquery.self-a714331225dda820228db323939889f149aec0127aeb06255646b616ba1ca419.js?body=1" for 127.0.0.1 at 2015-12-31 13:21:11 +0530


Started GET "/assets/turbolinks.self-c37727e9bd6b2735da5c311aa83fead54ed0be6cc8bd9a65309e9c5abe2cbfff.js?body=1" for 127.0.0.1 at 2015-12-31 13:21:11 +0530


Started GET "/assets/static_pages.self-877aef30ae1b040ab8a3aba4e3e309a11d7f2612f44dde450b5c157aa5f95c05.js?body=1" for 127.0.0.1 at 2015-12-31 13:21:11 +0530


Started GET "/assets/jquery_ujs.self-d456baa54c1fa6be2ec3711f0a72ddf7a5b2f34a6b4f515f33767d6207b7d4b3.js?body=1" for 127.0.0.1 at 2015-12-31 13:21:11 +0530


Started GET "/assets/application.self-3b8dabdc891efe46b9a144b400ad69e37d7e5876bdc39dee783419a69d7ca819.js?body=1" for 127.0.0.1 at 2015-12-31 13:21:11 +0530


Started GET "/static_pages/home" for 127.0.0.1 at 2015-12-31 13:21:12 +0530
Processing by StaticPagesController#home as HTML
  Rendered static_pages/home.html.erb within layouts/application (0.1ms)
Completed 200 OK in 65ms (Views: 64.2ms | ActiveRecord: 0.0ms)


Started GET "/assets/static_pages.self-e3b0c44298fc1c149afbf4c8996fb92427ae41e4649b934ca495991b7852b855.css?body=1" for 127.0.0.1 at 2015-12-31 13:21:12 +0530


Started GET "/assets/jquery.self-a714331225dda820228db323939889f149aec0127aeb06255646b616ba1ca419.js?body=1" for 127.0.0.1 at 2015-12-31 13:21:12 +0530


Started GET "/assets/jquery_ujs.self-d456baa54c1fa6be2ec3711f0a72ddf7a5b2f34a6b4f515f33767d6207b7d4b3.js?body=1" for 127.0.0.1 at 2015-12-31 13:21:12 +0530


Started GET "/assets/turbolinks.self-c37727e9bd6b2735da5c311aa83fead54ed0be6cc8bd9a65309e9c5abe2cbfff.js?body=1" for 127.0.0.1 at 2015-12-31 13:21:12 +0530


Started GET "/assets/application.self-e80e8f2318043e8af94dddc2adad5a4f09739a8ebb323b3ab31cd71d45fd9113.css?body=1" for 127.0.0.1 at 2015-12-31 13:21:12 +0530


Started GET "/assets/static_pages.self-877aef30ae1b040ab8a3aba4e3e309a11d7f2612f44dde450b5c157aa5f95c05.js?body=1" for 127.0.0.1 at 2015-12-31 13:21:12 +0530


Started GET "/assets/application.self-3b8dabdc891efe46b9a144b400ad69e37d7e5876bdc39dee783419a69d7ca819.js?body=1" for 127.0.0.1 at 2015-12-31 13:21:12 +0530
DEPRECATION WARNING: Defining a route where `to` is a controller without an action is deprecated. Please change `to: 'static_pages/home'` to `controller: 'static_pages/home'`. (called from block in <top (required)> at /home/hardik/sample_app/config/routes.rb:2)


Started GET "/static_pages/home" for 127.0.0.1 at 2015-12-31 13:33:06 +0530

ActionController::RoutingError (No route matches [GET] "/static_pages/home"):
  web-console (2.0.0.beta3) lib/action_dispatch/debug_exceptions.rb:22:in `middleware_call'
  web-console (2.0.0.beta3) lib/action_dispatch/debug_exceptions.rb:13:in `call'
  actionpack (4.2.5) lib/action_dispatch/middleware/show_exceptions.rb:30:in `call'
  railties (4.2.5) lib/rails/rack/logger.rb:38:in `call_app'
  railties (4.2.5) lib/rails/rack/logger.rb:20:in `block in call'
  activesupport (4.2.5) lib/active_support/tagged_logging.rb:68:in `block in tagged'
  activesupport (4.2.5) lib/active_support/tagged_logging.rb:26:in `tagged'
  activesupport (4.2.5) lib/active_support/tagged_logging.rb:68:in `tagged'
  railties (4.2.5) lib/rails/rack/logger.rb:20:in `call'
  actionpack (4.2.5) lib/action_dispatch/middleware/request_id.rb:21:in `call'
  rack (1.6.4) lib/rack/methodoverride.rb:22:in `call'
  rack (1.6.4) lib/rack/runtime.rb:18:in `call'
  activesupport (4.2.5) lib/active_support/cache/strategy/local_cache_middleware.rb:28:in `call'
  rack (1.6.4) lib/rack/lock.rb:17:in `call'
  actionpack (4.2.5) lib/action_dispatch/middleware/static.rb:116:in `call'
  rack (1.6.4) lib/rack/sendfile.rb:113:in `call'
  railties (4.2.5) lib/rails/engine.rb:518:in `call'
  railties (4.2.5) lib/rails/application.rb:165:in `call'
  rack (1.6.4) lib/rack/lock.rb:17:in `call'
  rack (1.6.4) lib/rack/content_length.rb:15:in `call'
  rack (1.6.4) lib/rack/handler/webrick.rb:88:in `service'
  /home/hardik/.rvm/rubies/ruby-2.2.1/lib/ruby/2.2.0/webrick/httpserver.rb:138:in `service'
  /home/hardik/.rvm/rubies/ruby-2.2.1/lib/ruby/2.2.0/webrick/httpserver.rb:94:in `run'
  /home/hardik/.rvm/rubies/ruby-2.2.1/lib/ruby/2.2.0/webrick/server.rb:294:in `block in start_thread'


  Rendered /home/hardik/.rvm/gems/ruby-2.2.1/gems/web-console-2.0.0.beta3/lib/action_dispatch/templates/rescues/_trace.html.erb (2.0ms)
  Rendered /home/hardik/.rvm/gems/ruby-2.2.1/gems/web-console-2.0.0.beta3/lib/action_dispatch/templates/rescues/routing_error.html.erb within rescues/layout (50.5ms)


Started GET "/" for 127.0.0.1 at 2015-12-31 13:33:09 +0530
Processing by StaticPagesController#home as HTML
  Rendered static_pages/home.html.erb within layouts/application (0.4ms)
Completed 200 OK in 286ms (Views: 223.3ms | ActiveRecord: 0.0ms)
